<?xml version="1.0" encoding="UTF-8"?>
<testsuite name="comprando en Bon Bonite" tests="1" skipped="0" failures="1" errors="0" timestamp="2022-10-06T19:59:30" hostname="LAPTOP-S8D4UU32" time="14.923">
  <properties/>
  <testcase name="compras" classname="comprando en Bon Bonite" time="14.923">
    <failure message="java.lang.NullPointerException: Cannot invoke &quot;Object.getClass()&quot; because &quot;object&quot; is null" type="java.lang.NullPointerException">java.lang.NullPointerException: Cannot invoke &quot;Object.getClass()&quot; because &quot;object&quot; is null
	at net.serenitybdd.core.lifecycle.LifecycleRegister.lambda$register$0(LifecycleRegister.java:28)
	at java.base/java.util.stream.ReferencePipeline$2$1.accept(ReferencePipeline.java:178)
	at java.base/java.util.HashMap$KeySpliterator.tryAdvance(HashMap.java:1728)
	at java.base/java.util.stream.ReferencePipeline.forEachWithCancel(ReferencePipeline.java:129)
	at java.base/java.util.stream.AbstractPipeline.copyIntoWithCancel(AbstractPipeline.java:527)
	at java.base/java.util.stream.AbstractPipeline.copyInto(AbstractPipeline.java:513)
	at java.base/java.util.stream.AbstractPipeline.wrapAndCopyInto(AbstractPipeline.java:499)
	at java.base/java.util.stream.FindOps$FindOp.evaluateSequential(FindOps.java:150)
	at java.base/java.util.stream.AbstractPipeline.evaluate(AbstractPipeline.java:234)
	at java.base/java.util.stream.ReferencePipeline.findFirst(ReferencePipeline.java:647)
	at net.serenitybdd.core.lifecycle.LifecycleRegister.register(LifecycleRegister.java:29)
	at net.thucydides.core.steps.StepFactory.instantiateUniqueStepLibraryFor(StepFactory.java:221)
	at net.thucydides.core.steps.StepFactory.getUniqueStepLibraryFor(StepFactory.java:153)
	at net.serenitybdd.screenplay.Tasks.instrumented(Tasks.java:12)
	at com.Bonbonite.task.InserarCredenciales.con(InserarCredenciales.java:30)
	at com.Bonbonite.steepsdefinitions.ComprasSteepDefinitions.ingresoY(ComprasSteepDefinitions.java:37)
	at ✽.ingreso &quot;1152696923&quot; y &quot;Agosto2022*&quot;(file:///C:/Users/willr/IdeaProjects/TestQVision/src/test/resources/compras.feature:7)
</failure>
  </testcase>
  <system-out><![CDATA[]]></system-out>
  <system-err><![CDATA[Starting ChromeDriver 105.0.5195.52 (412c95e518836d8a7d97250d62b29c2ae6a26a85-refs/branch-heads/5195@{#853}) on port 51034
Only local connections are allowed.
Please see https://chromedriver.chromium.org/security-considerations for suggestions on keeping ChromeDriver safe.
ChromeDriver was started successfully.
oct. 06, 2022 2:59:32 P. M. org.openqa.selenium.remote.ProtocolHandshake createSession
INFORMACIÓN: Detected dialect: W3C
]]></system-err>
</testsuite>
